Started GET "/" for 127.0.0.1 at 2017-06-24 23:36:40 -0400
Processing by Rails::WelcomeController#index as HTML
  Rendering c:/Ruby226/lib/ruby/gems/2.2.0/gems/railties-5.1.1/lib/rails/templates/rails/welcome/index.html.erb
  Rendered c:/Ruby226/lib/ruby/gems/2.2.0/gems/railties-5.1.1/lib/rails/templates/rails/welcome/index.html.erb (5.0ms)
Completed 200 OK in 310ms (Views: 24.6ms)


Started GET "/" for 127.0.0.1 at 2017-06-24 23:37:08 -0400
Processing by HomeController#index as HTML
  Rendering home/index.html.erb within layouts/application
  Rendered home/index.html.erb within layouts/application (2.5ms)
Completed 200 OK in 1428ms (Views: 1399.3ms)


Started GET "/" for 127.0.0.1 at 2017-06-24 23:38:26 -0400
Processing by HomeController#index as HTML
  Rendering home/index.html.erb within layouts/application
  Rendered home/index.html.erb within layouts/application (0.0ms)
Completed 200 OK in 140ms (Views: 121.7ms)


Started GET "/" for 127.0.0.1 at 2017-06-24 23:38:31 -0400
Processing by HomeController#index as HTML
  Rendering home/index.html.erb within layouts/application
  Rendered home/index.html.erb within layouts/application (2.5ms)
Completed 200 OK in 190ms (Views: 153.2ms)


Started GET "/" for 127.0.0.1 at 2017-06-24 23:40:46 -0400
Processing by HomeController#index as HTML
  Rendering home/index.html.erb within layouts/application
  Rendered home/index.html.erb within layouts/application (0.0ms)
Completed 200 OK in 185ms (Views: 142.0ms)


Started GET "/" for 127.0.0.1 at 2017-06-24 23:42:05 -0400
Processing by HomeController#index as HTML
  Rendering home/index.html.erb within layouts/application
  Rendered home/index.html.erb within layouts/application (0.0ms)
Completed 200 OK in 178ms (Views: 146.5ms)


Started GET "/" for 127.0.0.1 at 2017-06-24 23:42:32 -0400
Processing by HomeController#index as HTML
  Rendering home/index.html.erb within layouts/application
  Rendered home/index.html.erb within layouts/application (0.0ms)
Completed 200 OK in 853ms (Views: 814.3ms)


Started GET "/" for 127.0.0.1 at 2017-06-24 23:42:59 -0400
Processing by HomeController#index as HTML
  Rendering home/index.html.erb within layouts/application
  Rendered home/index.html.erb within layouts/application (0.0ms)
Completed 200 OK in 185ms (Views: 143.0ms)


Started GET "/" for 127.0.0.1 at 2017-06-24 23:44:17 -0400
Processing by HomeController#index as HTML
  Rendering home/index.html.erb within layouts/application
  Rendered home/index.html.erb within layouts/application (2.5ms)
Completed 200 OK in 178ms (Views: 133.5ms)


Started GET "/" for 127.0.0.1 at 2017-06-24 23:45:55 -0400
Processing by HomeController#index as HTML
  Rendering home/index.html.erb within layouts/application
  Rendered home/index.html.erb within layouts/application (0.0ms)
Completed 200 OK in 243ms (Views: 196.5ms)


Started GET "/" for 127.0.0.1 at 2017-06-24 23:46:16 -0400
Processing by HomeController#index as HTML
  Rendering home/index.html.erb within layouts/application
  Rendered home/index.html.erb within layouts/application (2.5ms)
Completed 200 OK in 135ms (Views: 125.0ms)


Started GET "/" for 127.0.0.1 at 2017-06-24 23:46:20 -0400
Processing by HomeController#index as HTML
  Rendering home/index.html.erb within layouts/application
  Rendered home/index.html.erb within layouts/application (0.0ms)
Completed 200 OK in 185ms (Views: 144.9ms)


Started GET "/" for 127.0.0.1 at 2017-06-25 00:01:01 -0400
Processing by HomeController#index as HTML
  Rendering home/index.html.erb within layouts/application
  Rendered home/index.html.erb within layouts/application (2.5ms)
Completed 200 OK in 248ms (Views: 207.3ms)


Started GET "/" for 127.0.0.1 at 2017-06-25 00:01:47 -0400
Processing by HomeController#index as HTML
  Rendering home/index.html.erb within layouts/application
  Rendered home/index.html.erb within layouts/application (0.0ms)
Completed 200 OK in 148ms (Views: 137.8ms)


Started GET "/" for 127.0.0.1 at 2017-06-25 00:01:56 -0400
Processing by HomeController#index as HTML
  Rendering home/index.html.erb within layouts/application
  Rendered home/index.html.erb within layouts/application (2.5ms)
Completed 200 OK in 193ms (Views: 179.3ms)


Started GET "/" for 127.0.0.1 at 2017-06-25 01:03:36 -0400
Processing by HomeController#index as HTML
  Rendering home/index.html.erb within layouts/application
  Rendered home/index.html.erb within layouts/application (5.0ms)
Completed 200 OK in 2563ms (Views: 2198.7ms)


